<?xml version="1.0" encoding="UTF-8"?>
<!-- Generated by org.testng.reporters.JUnitXMLReporter -->
<testsuite hostname="HOBNJML-M6UFLYW" ignored="3" name="Default test" tests="1" failures="0" timestamp="2022-02-21T21:22:56 EST" time="6.063" errors="0">
  <testcase name="startGameWithAnEmptyName" time="6.019" classname="WordGame.FoodsGame.FirstStepName"/>
  <testcase name="startGameWithARegularName" time="0.0" classname="WordGame.FoodsGame.FirstStepName">
    <ignored/>
  </testcase> <!-- startGameWithARegularName -->
  <testcase name="startGameWithMoreThan50CharName" time="0.0" classname="WordGame.FoodsGame.FirstStepName">
    <ignored/>
  </testcase> <!-- startGameWithMoreThan50CharName -->
  <testcase name="startGameWithA50CharName" time="0.0" classname="WordGame.FoodsGame.FirstStepName">
    <ignored/>
  </testcase> <!-- startGameWithA50CharName -->
</testsuite> <!-- Default test -->
