<?xml version="1.0" encoding="UTF-8"?>
<!-- Generated by org.testng.reporters.JUnitXMLReporter -->
<testsuite hostname="HOBNJML-M6UFLYW" ignored="1" name="Test" tests="29" failures="0" timestamp="2022-02-21T21:53:23 EST" time="361.365" errors="0">
  <testcase name="startGameWithA50CharName" time="24.104" classname="WordGame.FoodsGame.FirstStepName"/>
  <testcase name="startGameWithARegularName" time="7.19" classname="WordGame.FoodsGame.FirstStepName"/>
  <testcase name="startGameWithAnEmptyName" time="5.231" classname="WordGame.FoodsGame.FirstStepName"/>
  <testcase name="startGameWithMoreThan50CharName" time="7.523" classname="WordGame.FoodsGame.FirstStepName"/>
  <testcase name="allCorrectLetters" time="9.101" classname="WordGame.FoodsGame.FoodsGamePlay"/>
  <testcase name="allWrongLetters" time="16.34" classname="WordGame.FoodsGame.FoodsGamePlay"/>
  <testcase name="mixedLettersLose" time="24.05" classname="WordGame.FoodsGame.FoodsGamePlay"/>
  <testcase name="mixedLettersWin" time="9.75" classname="WordGame.FoodsGame.FoodsGamePlay"/>
  <testcase name="startGameAndRestart" time="8.937" classname="WordGame.FoodsGame.FoodsGamePlay"/>
  <testcase name="allCorrectLetters" time="14.912" classname="WordGame.BooksGame.BooksGamePlay"/>
  <testcase name="allWrongLetters" time="18.379" classname="WordGame.BooksGame.BooksGamePlay"/>
  <testcase name="mixedLettersLose" time="23.587" classname="WordGame.BooksGame.BooksGamePlay"/>
  <testcase name="mixedLettersWin" time="13.228" classname="WordGame.BooksGame.BooksGamePlay"/>
  <testcase name="startGameAndRestart" time="7.186" classname="WordGame.BooksGame.BooksGamePlay"/>
  <testcase name="allCorrectLetters" time="9.179" classname="WordGame.MoviesGame.MoviesGamePlay"/>
  <testcase name="allWrongLetters" time="15.679" classname="WordGame.MoviesGame.MoviesGamePlay"/>
  <testcase name="mixedLettersLose" time="19.756" classname="WordGame.MoviesGame.MoviesGamePlay"/>
  <testcase name="mixedLettersWin" time="10.14" classname="WordGame.MoviesGame.MoviesGamePlay"/>
  <testcase name="startGameAndRestart" time="6.503" classname="WordGame.MoviesGame.MoviesGamePlay"/>
  <testcase name="allCorrectLetters" time="9.142" classname="WordGame.PlacesGame.PlacesGamePlay"/>
  <testcase name="allWrongLetters" time="15.133" classname="WordGame.PlacesGame.PlacesGamePlay"/>
  <testcase name="mixedLettersLose" time="18.919" classname="WordGame.PlacesGame.PlacesGamePlay"/>
  <testcase name="mixedLettersWin" time="9.34" classname="WordGame.PlacesGame.PlacesGamePlay"/>
  <testcase name="startGameAndRestart" time="4.941" classname="WordGame.PlacesGame.PlacesGamePlay"/>
  <testcase name="allCorrectLetters" time="6.762" classname="WordGame.TVShowsGame.TVShowsGamePlay"/>
  <testcase name="allWrongLetters" time="15.394" classname="WordGame.TVShowsGame.TVShowsGamePlay"/>
  <testcase name="mixedLettersLose" time="18.22" classname="WordGame.TVShowsGame.TVShowsGamePlay"/>
  <testcase name="mixedLettersWin" time="7.73" classname="WordGame.TVShowsGame.TVShowsGamePlay"/>
  <testcase name="startGameAndRestart" time="4.891" classname="WordGame.TVShowsGame.TVShowsGamePlay"/>
  <testcase name="startGameAndRestart" time="0.0" classname="WordGame.AnimalsGame.AnimalsGamePlay">
    <ignored/>
  </testcase> <!-- startGameAndRestart -->
</testsuite> <!-- Test -->
